<?xml version="1.0" encoding="UTF-8" ?>
<testsuite tests="4" failures="0" name="com.jamesmhare.magicmirror.views.ApplicationViewImplTest" time="0.664" errors="0" skipped="0">
  <properties>
[...]
</properties>
  <testcase classname="com.jamesmhare.magicmirror.views.ApplicationViewImplTest" name="testErrorWhenApplicationViewShellIsNull" time="0.65"/>
  <testcase classname="com.jamesmhare.magicmirror.views.ApplicationViewImplTest" name="testErrorWhenApplicationViewDisplayIsNull" time="0.001"/>
  <testcase classname="com.jamesmhare.magicmirror.views.ApplicationViewImplTest" name="testErrorWhenApplicationViewClockFactoryIsNull" time="0.002"/>
  <testcase classname="com.jamesmhare.magicmirror.views.ApplicationViewImplTest" name="testShellMinimumSizeIsSet" time="0.011"/>
</testsuite>